(in /home/gerry/work/cur)
** Invoke db:test:prepare (first_time)
** Invoke environment (first_time)
** Execute environment
** Execute db:test:prepare
>> loading db:test structure
NOTICE:  CREATE TABLE will create implicit sequence "cards_id_seq" for serial column "cards.id"
NOTICE:  CREATE TABLE / PRIMARY KEY will create implicit index "cards_pkey" for table "cards"
NOTICE:  CREATE TABLE will create implicit sequence "cardtypes_id_seq" for serial column "cardtypes.id"
NOTICE:  CREATE TABLE / PRIMARY KEY will create implicit index "cardtypes_pkey" for table "cardtypes"
NOTICE:  CREATE TABLE will create implicit sequence "multihost_mappings_id_seq" for serial column "multihost_mappings.id"
NOTICE:  CREATE TABLE / PRIMARY KEY will create implicit index "multihost_mappings_pkey" for table "multihost_mappings"
NOTICE:  CREATE TABLE will create implicit sequence "revisions_id_seq" for serial column "revisions.id"
NOTICE:  CREATE TABLE / PRIMARY KEY will create implicit index "revisions_pkey" for table "revisions"
NOTICE:  CREATE TABLE will create implicit sequence "roles_id_seq" for serial column "roles.id"
NOTICE:  CREATE TABLE / PRIMARY KEY will create implicit index "roles_pkey" for table "roles"
NOTICE:  CREATE TABLE will create implicit sequence "sessions_id_seq" for serial column "sessions.id"
NOTICE:  CREATE TABLE / PRIMARY KEY will create implicit index "sessions_pkey" for table "sessions"
NOTICE:  CREATE TABLE will create implicit sequence "users_id_seq" for serial column "users.id"
NOTICE:  CREATE TABLE / PRIMARY KEY will create implicit index "users_pkey" for table "users"
NOTICE:  CREATE TABLE will create implicit sequence "wiki_references_id_seq" for serial column "wiki_references.id"
NOTICE:  CREATE TABLE / PRIMARY KEY will create implicit index "wiki_references_pkey" for table "wiki_references"

>> loading test fixtures
WARNING: Cucumber-rails required outside of env.rb.  The rest of loading is being defered until env.rb is called.
  To avoid this warning, move 'gem cucumber-rails' under only group :test in your Gemfile
** Invoke db:fixtures:load (first_time)
** Invoke environment (first_time)
** Execute environment
** Execute db:fixtures:load
** Invoke fulltext:prepare (first_time)
** Invoke environment 
** Execute fulltext:prepare

